[16:33:11] [INFO]: Starting...
[16:33:12] [INFO]: Database initialized
[16:33:12] [INFO]: Database model initialized
[16:33:12] [INFO]: Database model set to table
[16:33:12] [INFO]: Starting system initialize
[16:33:12] [INFO]: Settings opened successfully
[16:33:12] [INFO]: Settings file in: ./source_image/image.jpg
[16:33:12] [INFO]: Reading positions...
[16:33:12] [INFO]: X(0): 516
[16:33:12] [INFO]: Y(0): 392
[16:33:12] [INFO]: X(1): 485
[16:33:12] [INFO]: Y(1): 620
[16:33:12] [INFO]: X(2): 485
[16:33:12] [INFO]: Y(2): 646
[16:33:12] [INFO]: Reading font settings...
[16:33:12] [INFO]: Font 0
[16:33:12] [INFO]: Font name: MS Shell Dlg 2
[16:33:12] [INFO]: Font size: 99
[16:33:12] [INFO]: Font bold: Bold
[16:33:12] [INFO]: Font R: 0
[16:33:12] [INFO]: Font G: 0
[16:33:12] [INFO]: Font B: 0
[16:33:12] [INFO]: Font 1
[16:33:12] [INFO]: Font name: MS Shell Dlg 2
[16:33:12] [INFO]: Font size: 20
[16:33:12] [INFO]: Font bold: Bold
[16:33:12] [INFO]: Font R: 255
[16:33:12] [INFO]: Font G: 0
[16:33:12] [INFO]: Font B: 255
[16:33:12] [INFO]: Font 2
[16:33:12] [INFO]: Font name: MS Shell Dlg 2
[16:33:12] [INFO]: Font size: 30
[16:33:12] [INFO]: Font bold: Bold
[16:33:12] [INFO]: Font R: 255
[16:33:12] [INFO]: Font G: 0
[16:33:12] [INFO]: Font B: 255
[16:33:12] [INFO]: Statring number: 257
[16:33:12] [INFO]: Fileout: C:\Users\toruk\OneDrive\Рабочий стол\delete
[16:33:12] [INFO]: File successfully read
[16:33:12] [INFO]: System initialized
[16:33:12] [INFO]: Image loaded!
[16:33:12] [INFO]: Initializing done!
[16:33:16] [INFO]: On table clicked
[16:33:16] [INFO]: Image loaded!
[16:33:16] [INFO]: Image drawn successfully
[16:33:18] [INFO]: On table clicked
[16:33:18] [INFO]: Image loaded!
[16:33:18] [INFO]: Image drawn successfully
[16:33:20] [INFO]: On table clicked
[16:33:20] [INFO]: Image loaded!
[16:33:20] [INFO]: Image drawn successfully
[16:33:20] [INFO]: On table clicked
[16:33:20] [INFO]: Image loaded!
[16:33:20] [INFO]: Image drawn successfully
[16:33:20] [INFO]: On table clicked
[16:33:20] [INFO]: Image loaded!
[16:33:20] [INFO]: Image drawn successfully
[16:33:22] [INFO]: On table clicked
[16:33:22] [INFO]: Image loaded!
[16:33:22] [INFO]: Image drawn successfully
[16:33:22] [INFO]: On table clicked
[16:33:22] [INFO]: Image loaded!
[16:33:22] [INFO]: Image drawn successfully
[16:33:23] [INFO]: On table clicked
[16:33:23] [INFO]: Image loaded!
[16:33:23] [INFO]: Image drawn successfully
[16:33:23] [INFO]: On table clicked
[16:33:23] [INFO]: Image loaded!
[16:33:23] [INFO]: Image drawn successfully
[16:33:23] [INFO]: On table clicked
[16:33:23] [INFO]: Image loaded!
[16:33:23] [INFO]: Image drawn successfully
[16:33:24] [INFO]: On table clicked
[16:33:24] [INFO]: Image loaded!
[16:33:24] [INFO]: Image drawn successfully
[16:33:26] [INFO]: On table clicked
[16:33:26] [INFO]: Image loaded!
[16:33:26] [INFO]: Image drawn successfully
[16:33:28] [INFO]: On table clicked
[16:33:28] [INFO]: Image loaded!
[16:33:28] [INFO]: Image drawn successfully
[16:33:30] [INFO]: Table view data changed!
[16:33:30] [INFO]: Data: 
[16:33:30] [INFO]:     42
[16:33:30] [INFO]:     Pavel
[16:33:30] [INFO]: Image loaded!
[16:33:30] [INFO]: Image drawn successfully
[16:33:35] [INFO]: Table view data changed!
[16:33:35] [INFO]: Data: 
[16:33:35] [INFO]:     42
[16:33:35] [INFO]:     Pavel
[16:33:35] [INFO]: Image loaded!
[16:33:35] [INFO]: Image drawn successfully
[16:33:35] [INFO]: Table view data changed!
[16:33:35] [INFO]: Data: 
[16:33:35] [INFO]:     42
[16:33:35] [INFO]:     Pavel
[16:33:35] [INFO]: Image loaded!
[16:33:35] [INFO]: Image drawn successfully
[16:33:53] [INFO]: On table clicked
[16:33:53] [INFO]: Image loaded!
[16:33:53] [INFO]: Image drawn successfully
[16:34:07] [INFO]: Image loaded!
[16:34:07] [INFO]: Settngs saved
[16:34:11] [INFO]: On table clicked
[16:34:11] [INFO]: Image loaded!
[16:34:11] [INFO]: Image drawn successfully
[16:34:15] [INFO]: Closed!
